2019-03-22 14:11:27.784 [main] INFO  com.css.SpringbootDemoApplication - Starting SpringbootDemoApplication v0.0.1-SNAPSHOT on lenovo-PC with PID 8500 (D:\workspace\springboot-demo\target\springboot-demo-0.0.1-SNAPSHOT.jar started by lenovo in D:\workspace\springboot-demo\target)
2019-03-22 14:11:27.787 [main] INFO  com.css.SpringbootDemoApplication - The following profiles are active: dev
2019-03-22 14:11:27.863 [main] INFO  o.s.b.w.s.c.AnnotationConfigServletWebServerApplicationContext - Refreshing org.springframework.boot.web.servlet.context.AnnotationConfigServletWebServerApplicationContext@721e0f4f: startup date [Fri Mar 22 14:11:27 CST 2019]; root of context hierarchy
2019-03-22 14:11:30.132 [main] INFO  o.s.boot.web.embedded.tomcat.TomcatWebServer - Tomcat initialized with port(s): 8081 (http)
2019-03-22 14:11:30.154 [main] INFO  org.apache.coyote.http11.Http11NioProtocol - Initializing ProtocolHandler ["http-nio-8081"]
2019-03-22 14:11:30.173 [main] INFO  org.apache.catalina.core.StandardService - Starting service [Tomcat]
2019-03-22 14:11:30.175 [main] INFO  org.apache.catalina.core.StandardEngine - Starting Servlet Engine: Apache Tomcat/8.5.34
2019-03-22 14:11:30.189 [localhost-startStop-1] INFO  org.apache.catalina.core.AprLifecycleListener - The APR based Apache Tomcat Native library which allows optimal performance in production environments was not found on the java.library.path: [C:\Program Files\Java\jdk1.8.0_181\bin;C:\Windows\Sun\Java\bin;C:\Windows\system32;C:\Windows;C:\Program Files (x86)\NetSarang\Xftp 6\;C:\Program Files\Java\jdk1.8.0_181\bin;C:\ProgramData\Oracle\Java\javapath;C:\Windows\system32;C:\Windows;C:\Windows\System32\Wbem;C:\Windows\System32\WindowsPowerShell\v1.0\;C:\Program Files\TortoiseSVN\bin;D:\software\apache-maven-3.3.9\bin;C:\Program Files (x86)\MySQL\MySQL Fabric 1.5.4 & MySQL Utilities 1.5.4 1.5\;C:\Program Files (x86)\MySQL\MySQL Fabric 1.5.4 & MySQL Utilities 1.5.4 1.5\Doctrine extensions for PHP\;E:\oralce\Ora10InstantClient;d:\oralce\Ora10InstantClient;.]
2019-03-22 14:11:30.282 [localhost-startStop-1] INFO  o.a.c.core.ContainerBase.[Tomcat].[localhost].[/] - Initializing Spring embedded WebApplicationContext
2019-03-22 14:11:30.283 [localhost-startStop-1] INFO  org.springframework.web.context.ContextLoader - Root WebApplicationContext: initialization completed in 2420 ms
2019-03-22 14:11:30.362 [localhost-startStop-1] INFO  o.s.boot.web.servlet.ServletRegistrationBean - Servlet dispatcherServlet mapped to [/]
2019-03-22 14:11:30.367 [localhost-startStop-1] INFO  o.s.boot.web.servlet.FilterRegistrationBean - Mapping filter: 'characterEncodingFilter' to: [/*]
2019-03-22 14:11:30.368 [localhost-startStop-1] INFO  o.s.boot.web.servlet.FilterRegistrationBean - Mapping filter: 'hiddenHttpMethodFilter' to: [/*]
2019-03-22 14:11:30.368 [localhost-startStop-1] INFO  o.s.boot.web.servlet.FilterRegistrationBean - Mapping filter: 'httpPutFormContentFilter' to: [/*]
2019-03-22 14:11:30.369 [localhost-startStop-1] INFO  o.s.boot.web.servlet.FilterRegistrationBean - Mapping filter: 'requestContextFilter' to: [/*]
2019-03-22 14:11:30.766 [main] INFO  o.s.web.servlet.handler.SimpleUrlHandlerMapping - Mapped URL path [/**/favicon.ico] onto handler of type [class org.springframework.web.servlet.resource.ResourceHttpRequestHandler]
2019-03-22 14:11:31.014 [main] INFO  o.s.w.s.m.m.a.RequestMappingHandlerAdapter - Looking for @ControllerAdvice: org.springframework.boot.web.servlet.context.AnnotationConfigServletWebServerApplicationContext@721e0f4f: startup date [Fri Mar 22 14:11:27 CST 2019]; root of context hierarchy
2019-03-22 14:11:31.091 [main] INFO  o.s.w.s.m.m.a.RequestMappingHandlerMapping - Mapped "{[/show2]}" onto public java.lang.String com.css.controller.ExceptionController.show2()
2019-03-22 14:11:31.093 [main] INFO  o.s.w.s.m.m.a.RequestMappingHandlerMapping - Mapped "{[/show1]}" onto public java.lang.String com.css.controller.ExceptionController.show1()
2019-03-22 14:11:31.094 [main] INFO  o.s.w.s.m.m.a.RequestMappingHandlerMapping - Mapped "{[/helloworld]}" onto public java.lang.String com.css.controller.HelloWorldController.show()
2019-03-22 14:11:31.095 [main] INFO  o.s.w.s.m.m.a.RequestMappingHandlerMapping - Mapped "{[/showInfo]}" onto public java.lang.String com.css.controller.ThymeLeafDemoController.showInfo(org.springframework.ui.Model)
2019-03-22 14:11:31.097 [main] INFO  o.s.w.s.m.m.a.RequestMappingHandlerMapping - Mapped "{[/user/addUser]}" onto public java.lang.String com.css.controller.UserController.add(com.css.pojo.User,org.springframework.validation.BindingResult)
2019-03-22 14:11:31.098 [main] INFO  o.s.w.s.m.m.a.RequestMappingHandlerMapping - Mapped "{[/user/deleteUser]}" onto public java.lang.String com.css.controller.UserController.delete(java.lang.Integer)
2019-03-22 14:11:31.099 [main] INFO  o.s.w.s.m.m.a.RequestMappingHandlerMapping - Mapped "{[/user/to/edit]}" onto public java.lang.String com.css.controller.UserController.toEdit(java.lang.Integer,org.springframework.ui.Model)
2019-03-22 14:11:31.101 [main] INFO  o.s.w.s.m.m.a.RequestMappingHandlerMapping - Mapped "{[/user/editUser]}" onto public java.lang.String com.css.controller.UserController.edit(com.css.pojo.User,org.springframework.validation.BindingResult) throws java.sql.SQLException
2019-03-22 14:11:31.102 [main] INFO  o.s.w.s.m.m.a.RequestMappingHandlerMapping - Mapped "{[/{page}]}" onto public java.lang.String com.css.controller.UserController.showPage(java.lang.String,com.css.pojo.User)
2019-03-22 14:11:31.103 [main] INFO  o.s.w.s.m.m.a.RequestMappingHandlerMapping - Mapped "{[/user/selectUser]}" onto public java.lang.String com.css.controller.UserController.select(org.springframework.ui.Model)
2019-03-22 14:11:31.106 [main] INFO  o.s.w.s.m.m.a.RequestMappingHandlerMapping - Mapped "{[/error]}" onto public org.springframework.http.ResponseEntity<java.util.Map<java.lang.String, java.lang.Object>> org.springframework.boot.autoconfigure.web.servlet.error.BasicErrorController.error(javax.servlet.http.HttpServletRequest)
2019-03-22 14:11:31.108 [main] INFO  o.s.w.s.m.m.a.RequestMappingHandlerMapping - Mapped "{[/error],produces=[text/html]}" onto public org.springframework.web.servlet.ModelAndView org.springframework.boot.autoconfigure.web.servlet.error.BasicErrorController.errorHtml(javax.servlet.http.HttpServletRequest,javax.servlet.http.HttpServletResponse)
2019-03-22 14:11:31.162 [main] INFO  o.s.web.servlet.handler.SimpleUrlHandlerMapping - Mapped URL path [/webjars/**] onto handler of type [class org.springframework.web.servlet.resource.ResourceHttpRequestHandler]
2019-03-22 14:11:31.163 [main] INFO  o.s.web.servlet.handler.SimpleUrlHandlerMapping - Mapped URL path [/**] onto handler of type [class org.springframework.web.servlet.resource.ResourceHttpRequestHandler]
2019-03-22 14:11:31.180 [main] INFO  o.s.w.s.m.m.a.ExceptionHandlerExceptionResolver - Detected @ExceptionHandler methods in globalException
2019-03-22 14:11:31.302 [main] INFO  o.s.b.a.web.servlet.WelcomePageHandlerMapping - Adding welcome page template: index
2019-03-22 14:11:31.502 [main] INFO  com.alibaba.druid.pool.DruidDataSource - {dataSource-1} inited
2019-03-22 14:11:32.294 [main] INFO  org.quartz.impl.StdSchedulerFactory - Using default implementation for ThreadExecutor
2019-03-22 14:11:32.314 [main] INFO  org.quartz.core.SchedulerSignalerImpl - Initialized Scheduler Signaller of type: class org.quartz.core.SchedulerSignalerImpl
2019-03-22 14:11:32.315 [main] INFO  org.quartz.core.QuartzScheduler - Quartz Scheduler v.2.3.0 created.
2019-03-22 14:11:32.322 [main] INFO  org.quartz.simpl.RAMJobStore - RAMJobStore initialized.
2019-03-22 14:11:32.323 [main] INFO  org.quartz.core.QuartzScheduler - Scheduler meta-data: Quartz Scheduler (v2.3.0) 'quartzScheduler' with instanceId 'NON_CLUSTERED'
  Scheduler class: 'org.quartz.core.QuartzScheduler' - running locally.
  NOT STARTED.
  Currently in standby mode.
  Number of jobs executed: 0
  Using thread pool 'org.quartz.simpl.SimpleThreadPool' - with 10 threads.
  Using job-store 'org.quartz.simpl.RAMJobStore' - which does not support persistence. and is not clustered.

2019-03-22 14:11:32.325 [main] INFO  org.quartz.impl.StdSchedulerFactory - Quartz scheduler 'quartzScheduler' initialized from an externally provided properties instance.
2019-03-22 14:11:32.325 [main] INFO  org.quartz.impl.StdSchedulerFactory - Quartz scheduler version: 2.3.0
2019-03-22 14:11:32.325 [main] INFO  org.quartz.core.QuartzScheduler - JobFactory set to: org.springframework.boot.autoconfigure.quartz.AutowireCapableBeanJobFactory@5b1669c0
2019-03-22 14:11:32.399 [main] INFO  o.s.jmx.export.annotation.AnnotationMBeanExporter - Registering beans for JMX exposure on startup
2019-03-22 14:11:32.401 [main] INFO  o.s.jmx.export.annotation.AnnotationMBeanExporter - Bean with name 'dataSource' has been autodetected for JMX exposure
2019-03-22 14:11:32.406 [main] INFO  o.s.jmx.export.annotation.AnnotationMBeanExporter - Located MBean 'dataSource': registering with JMX server as MBean [com.alibaba.druid.pool:name=dataSource,type=DruidDataSource]
2019-03-22 14:11:32.411 [main] INFO  o.s.context.support.DefaultLifecycleProcessor - Starting beans in phase 2147483647
2019-03-22 14:11:32.412 [main] INFO  o.s.scheduling.quartz.SchedulerFactoryBean - Starting Quartz Scheduler now
2019-03-22 14:11:32.413 [main] INFO  org.quartz.core.QuartzScheduler - Scheduler quartzScheduler_$_NON_CLUSTERED started.
2019-03-22 14:11:32.426 [main] INFO  org.apache.coyote.http11.Http11NioProtocol - Starting ProtocolHandler ["http-nio-8081"]
2019-03-22 14:11:32.445 [main] INFO  org.apache.tomcat.util.net.NioSelectorPool - Using a shared selector for servlet write/read
2019-03-22 14:11:32.468 [main] INFO  o.s.boot.web.embedded.tomcat.TomcatWebServer - Tomcat started on port(s): 8081 (http) with context path ''
2019-03-22 14:11:32.472 [main] INFO  com.css.SpringbootDemoApplication - Started SpringbootDemoApplication in 5.191 seconds (JVM running for 5.775)
2019-03-22 14:11:42.553 [http-nio-8081-exec-1] INFO  o.a.c.core.ContainerBase.[Tomcat].[localhost].[/] - Initializing Spring FrameworkServlet 'dispatcherServlet'
2019-03-22 14:11:42.553 [http-nio-8081-exec-1] INFO  org.springframework.web.servlet.DispatcherServlet - FrameworkServlet 'dispatcherServlet': initialization started
2019-03-22 14:11:42.581 [http-nio-8081-exec-1] INFO  org.springframework.web.servlet.DispatcherServlet - FrameworkServlet 'dispatcherServlet': initialization completed in 27 ms
2019-03-22 14:12:46.979 [Thread-3] INFO  o.s.b.w.s.c.AnnotationConfigServletWebServerApplicationContext - Closing org.springframework.boot.web.servlet.context.AnnotationConfigServletWebServerApplicationContext@721e0f4f: startup date [Fri Mar 22 14:11:27 CST 2019]; root of context hierarchy
2019-03-22 14:12:46.984 [Thread-3] INFO  o.s.context.support.DefaultLifecycleProcessor - Stopping beans in phase 2147483647
2019-03-22 14:12:46.985 [Thread-3] INFO  org.quartz.core.QuartzScheduler - Scheduler quartzScheduler_$_NON_CLUSTERED paused.
2019-03-22 14:12:46.986 [Thread-3] INFO  o.s.scheduling.quartz.SchedulerFactoryBean - Shutting down Quartz Scheduler
2019-03-22 14:12:46.987 [Thread-3] INFO  org.quartz.core.QuartzScheduler - Scheduler quartzScheduler_$_NON_CLUSTERED shutting down.
2019-03-22 14:12:46.989 [Thread-3] INFO  org.quartz.core.QuartzScheduler - Scheduler quartzScheduler_$_NON_CLUSTERED paused.
2019-03-22 14:12:46.990 [Thread-3] INFO  org.quartz.core.QuartzScheduler - Scheduler quartzScheduler_$_NON_CLUSTERED shutdown complete.
2019-03-22 14:12:46.992 [Thread-3] INFO  o.s.jmx.export.annotation.AnnotationMBeanExporter - Unregistering JMX-exposed beans on shutdown
2019-03-22 14:12:46.993 [Thread-3] INFO  o.s.jmx.export.annotation.AnnotationMBeanExporter - Unregistering JMX-exposed beans
2019-03-22 14:12:47.003 [Thread-3] INFO  com.alibaba.druid.pool.DruidDataSource - {dataSource-1} closed
